2026-02-27T14:47:41.293+05:30  INFO 9592 --- [SpringBootRestAPIMySQL] [restartedMain] c.t.SpringBootRestApiMySqlApplication    : Starting SpringBootRestApiMySqlApplication using Java 25.0.1 with PID 9592 (C:\Users\sammya.shetty\Desktop\MLA_JAVA\SpringBootRestAPIMySQL\target\classes started by sammya.shetty in C:\Users\sammya.shetty\Desktop\MLA_JAVA\SpringBootRestAPIMySQL)
2026-02-27T14:47:41.297+05:30  INFO 9592 --- [SpringBootRestAPIMySQL] [restartedMain] c.t.SpringBootRestApiMySqlApplication    : No active profile set, falling back to 1 default profile: "default"
2026-02-27T14:47:41.356+05:30  INFO 9592 --- [SpringBootRestAPIMySQL] [restartedMain] .e.DevToolsPropertyDefaultsPostProcessor : Devtools property defaults active! Set 'spring.devtools.add-properties' to 'false' to disable
2026-02-27T14:47:41.357+05:30  INFO 9592 --- [SpringBootRestAPIMySQL] [restartedMain] .e.DevToolsPropertyDefaultsPostProcessor : For additional web related logging consider setting the 'logging.level.web' property to 'DEBUG'
2026-02-27T14:47:42.549+05:30  INFO 9592 --- [SpringBootRestAPIMySQL] [restartedMain] .s.d.r.c.RepositoryConfigurationDelegate : Bootstrapping Spring Data JPA repositories in DEFAULT mode.
2026-02-27T14:47:42.572+05:30  INFO 9592 --- [SpringBootRestAPIMySQL] [restartedMain] .s.d.r.c.RepositoryConfigurationDelegate : Finished Spring Data repository scanning in 12 ms. Found 0 JPA repository interfaces.
2026-02-27T14:47:43.109+05:30  INFO 9592 --- [SpringBootRestAPIMySQL] [restartedMain] o.s.boot.tomcat.TomcatWebServer          : Tomcat initialized with port 7799 (http)
2026-02-27T14:47:43.125+05:30  INFO 9592 --- [SpringBootRestAPIMySQL] [restartedMain] o.apache.catalina.core.StandardService   : Starting service [Tomcat]
2026-02-27T14:47:43.125+05:30  INFO 9592 --- [SpringBootRestAPIMySQL] [restartedMain] o.apache.catalina.core.StandardEngine    : Starting Servlet engine: [Apache Tomcat/11.0.18]
2026-02-27T14:47:43.197+05:30  INFO 9592 --- [SpringBootRestAPIMySQL] [restartedMain] b.w.c.s.WebApplicationContextInitializer : Root WebApplicationContext: initialization completed in 1839 ms
2026-02-27T14:47:43.449+05:30  INFO 9592 --- [SpringBootRestAPIMySQL] [restartedMain] org.hibernate.orm.jpa                    : HHH008540: Processing PersistenceUnitInfo [name: default]
2026-02-27T14:47:43.505+05:30  INFO 9592 --- [SpringBootRestAPIMySQL] [restartedMain] org.hibernate.orm.core                   : HHH000001: Hibernate ORM core version 7.2.4.Final
2026-02-27T14:47:44.107+05:30  INFO 9592 --- [SpringBootRestAPIMySQL] [restartedMain] o.s.o.j.p.SpringPersistenceUnitInfo      : No LoadTimeWeaver setup: ignoring JPA class transformer
2026-02-27T14:47:44.145+05:30  INFO 9592 --- [SpringBootRestAPIMySQL] [restartedMain] com.zaxxer.hikari.HikariDataSource       : HikariPool-1 - Starting...
2026-02-27T14:47:44.578+05:30  INFO 9592 --- [SpringBootRestAPIMySQL] [restartedMain] com.zaxxer.hikari.pool.HikariPool        : HikariPool-1 - Added connection com.mysql.cj.jdbc.ConnectionImpl@516488fd
2026-02-27T14:47:44.580+05:30  INFO 9592 --- [SpringBootRestAPIMySQL] [restartedMain] com.zaxxer.hikari.HikariDataSource       : HikariPool-1 - Start completed.
2026-02-27T14:47:44.657+05:30  WARN 9592 --- [SpringBootRestAPIMySQL] [restartedMain] org.hibernate.orm.deprecation            : HHH90000025: MySQLDialect does not need to be specified explicitly using 'hibernate.dialect' (remove the property setting and it will be selected by default)
2026-02-27T14:47:44.680+05:30  INFO 9592 --- [SpringBootRestAPIMySQL] [restartedMain] org.hibernate.orm.connections.pooling    : HHH10001005: Database info:
	Database JDBC URL [jdbc:mysql://localhost:3306/mlafeb]
	Database driver: MySQL Connector/J
	Database dialect: MySQLDialect
	Database version: 8.0.42
	Default catalog/schema: mlafeb/undefined
	Autocommit mode: undefined/unknown
	Isolation level: REPEATABLE_READ [default REPEATABLE_READ]
	JDBC fetch size: none
	Pool: DataSourceConnectionProvider
	Minimum pool size: undefined/unknown
	Maximum pool size: undefined/unknown
2026-02-27T14:47:45.106+05:30  INFO 9592 --- [SpringBootRestAPIMySQL] [restartedMain] org.hibernate.orm.core                   : HHH000489: No JTA platform available (set 'hibernate.transaction.jta.platform' to enable JTA platform integration)
2026-02-27T14:47:45.117+05:30  INFO 9592 --- [SpringBootRestAPIMySQL] [restartedMain] j.LocalContainerEntityManagerFactoryBean : Initialized JPA EntityManagerFactory for persistence unit 'default'
2026-02-27T14:47:45.277+05:30  WARN 9592 --- [SpringBootRestAPIMySQL] [restartedMain] JpaBaseConfiguration$JpaWebConfiguration : spring.jpa.open-in-view is enabled by default. Therefore, database queries may be performed during view rendering. Explicitly configure spring.jpa.open-in-view to disable this warning
2026-02-27T14:47:46.056+05:30  INFO 9592 --- [SpringBootRestAPIMySQL] [restartedMain] o.s.b.a.e.web.EndpointLinksResolver      : Exposing 13 endpoints beneath base path '/actuator'
2026-02-27T14:47:46.187+05:30  INFO 9592 --- [SpringBootRestAPIMySQL] [restartedMain] o.s.boot.tomcat.TomcatWebServer          : Tomcat started on port 7799 (http) with context path '/'
2026-02-27T14:47:46.198+05:30  INFO 9592 --- [SpringBootRestAPIMySQL] [restartedMain] c.t.SpringBootRestApiMySqlApplication    : Started SpringBootRestApiMySqlApplication in 5.397 seconds (process running for 6.477)
2026-02-27T14:47:46.205+05:30  WARN 9592 --- [SpringBootRestAPIMySQL] [restartedMain] o.s.core.events.SpringDocAppInitializer  : SpringDoc /v3/api-docs endpoint is enabled by default. To disable it in production, set the property 'springdoc.api-docs.enabled=false'
2026-02-27T14:47:46.205+05:30  WARN 9592 --- [SpringBootRestAPIMySQL] [restartedMain] o.s.core.events.SpringDocAppInitializer  : SpringDoc /swagger-ui.html endpoint is enabled by default. To disable it in production, set the property 'springdoc.swagger-ui.enabled=false'
2026-02-27T14:47:46.880+05:30  INFO 9592 --- [SpringBootRestAPIMySQL] [RMI TCP Connection(4)-127.0.0.1] o.a.c.c.C.[Tomcat].[localhost].[/]       : Initializing Spring DispatcherServlet 'dispatcherServlet'
2026-02-27T14:47:46.880+05:30  INFO 9592 --- [SpringBootRestAPIMySQL] [RMI TCP Connection(4)-127.0.0.1] o.s.web.servlet.DispatcherServlet        : Initializing Servlet 'dispatcherServlet'
2026-02-27T14:47:46.882+05:30  INFO 9592 --- [SpringBootRestAPIMySQL] [RMI TCP Connection(4)-127.0.0.1] o.s.web.servlet.DispatcherServlet        : Completed initialization in 2 ms
2026-02-27T14:50:53.074+05:30  INFO 9592 --- [SpringBootRestAPIMySQL] [File Watcher] rtingClassPathChangeChangedEventListener : Restarting due to 1 class path change (1 addition, 0 deletions, 0 modifications)
2026-02-27T14:50:53.087+05:30  INFO 9592 --- [SpringBootRestAPIMySQL] [Thread-1] o.s.boot.tomcat.GracefulShutdown         : Commencing graceful shutdown. Waiting for active requests to complete
2026-02-27T14:50:53.097+05:30  INFO 9592 --- [SpringBootRestAPIMySQL] [tomcat-shutdown] o.s.boot.tomcat.GracefulShutdown         : Graceful shutdown complete
2026-02-27T14:50:53.110+05:30  INFO 9592 --- [SpringBootRestAPIMySQL] [Thread-1] j.LocalContainerEntityManagerFactoryBean : Closing JPA EntityManagerFactory for persistence unit 'default'
2026-02-27T14:50:53.115+05:30  INFO 9592 --- [SpringBootRestAPIMySQL] [Thread-1] com.zaxxer.hikari.HikariDataSource       : HikariPool-1 - Shutdown initiated...
2026-02-27T14:50:53.132+05:30  INFO 9592 --- [SpringBootRestAPIMySQL] [Thread-1] com.zaxxer.hikari.HikariDataSource       : HikariPool-1 - Shutdown completed.
2026-02-27T14:50:53.339+05:30  INFO 9592 --- [SpringBootRestAPIMySQL] [restartedMain] c.t.SpringBootRestApiMySqlApplication    : Starting SpringBootRestApiMySqlApplication using Java 25.0.1 with PID 9592 (C:\Users\sammya.shetty\Desktop\MLA_JAVA\SpringBootRestAPIMySQL\target\classes started by sammya.shetty in C:\Users\sammya.shetty\Desktop\MLA_JAVA\SpringBootRestAPIMySQL)
2026-02-27T14:50:53.340+05:30  INFO 9592 --- [SpringBootRestAPIMySQL] [restartedMain] c.t.SpringBootRestApiMySqlApplication    : No active profile set, falling back to 1 default profile: "default"
2026-02-27T14:50:53.622+05:30  INFO 9592 --- [SpringBootRestAPIMySQL] [restartedMain] .s.d.r.c.RepositoryConfigurationDelegate : Bootstrapping Spring Data JPA repositories in DEFAULT mode.
2026-02-27T14:50:53.625+05:30  INFO 9592 --- [SpringBootRestAPIMySQL] [restartedMain] .s.d.r.c.RepositoryConfigurationDelegate : Finished Spring Data repository scanning in 1 ms. Found 0 JPA repository interfaces.
2026-02-27T14:50:53.893+05:30  INFO 9592 --- [SpringBootRestAPIMySQL] [restartedMain] o.s.boot.tomcat.TomcatWebServer          : Tomcat initialized with port 7799 (http)
2026-02-27T14:50:53.894+05:30  INFO 9592 --- [SpringBootRestAPIMySQL] [restartedMain] o.apache.catalina.core.StandardService   : Starting service [Tomcat]
2026-02-27T14:50:53.894+05:30  INFO 9592 --- [SpringBootRestAPIMySQL] [restartedMain] o.apache.catalina.core.StandardEngine    : Starting Servlet engine: [Apache Tomcat/11.0.18]
2026-02-27T14:50:53.954+05:30  INFO 9592 --- [SpringBootRestAPIMySQL] [restartedMain] b.w.c.s.WebApplicationContextInitializer : Root WebApplicationContext: initialization completed in 610 ms
2026-02-27T14:50:54.018+05:30  INFO 9592 --- [SpringBootRestAPIMySQL] [restartedMain] org.hibernate.orm.jpa                    : HHH008540: Processing PersistenceUnitInfo [name: default]
2026-02-27T14:50:54.054+05:30  INFO 9592 --- [SpringBootRestAPIMySQL] [restartedMain] o.s.o.j.p.SpringPersistenceUnitInfo      : No LoadTimeWeaver setup: ignoring JPA class transformer
2026-02-27T14:50:54.056+05:30  INFO 9592 --- [SpringBootRestAPIMySQL] [restartedMain] com.zaxxer.hikari.HikariDataSource       : HikariPool-2 - Starting...
2026-02-27T14:50:54.235+05:30  INFO 9592 --- [SpringBootRestAPIMySQL] [restartedMain] com.zaxxer.hikari.pool.HikariPool        : HikariPool-2 - Added connection com.mysql.cj.jdbc.ConnectionImpl@525bc533
2026-02-27T14:50:54.236+05:30  INFO 9592 --- [SpringBootRestAPIMySQL] [restartedMain] com.zaxxer.hikari.HikariDataSource       : HikariPool-2 - Start completed.
2026-02-27T14:50:54.238+05:30  WARN 9592 --- [SpringBootRestAPIMySQL] [restartedMain] org.hibernate.orm.deprecation            : HHH90000025: MySQLDialect does not need to be specified explicitly using 'hibernate.dialect' (remove the property setting and it will be selected by default)
2026-02-27T14:50:54.240+05:30  INFO 9592 --- [SpringBootRestAPIMySQL] [restartedMain] org.hibernate.orm.connections.pooling    : HHH10001005: Database info:
	Database JDBC URL [jdbc:mysql://localhost:3306/mlafeb]
	Database driver: MySQL Connector/J
	Database dialect: MySQLDialect
	Database version: 8.0.42
	Default catalog/schema: mlafeb/undefined
	Autocommit mode: undefined/unknown
	Isolation level: REPEATABLE_READ [default REPEATABLE_READ]
	JDBC fetch size: none
	Pool: DataSourceConnectionProvider
	Minimum pool size: undefined/unknown
	Maximum pool size: undefined/unknown
2026-02-27T14:50:54.263+05:30  INFO 9592 --- [SpringBootRestAPIMySQL] [restartedMain] org.hibernate.orm.core                   : HHH000489: No JTA platform available (set 'hibernate.transaction.jta.platform' to enable JTA platform integration)
2026-02-27T14:50:54.264+05:30  INFO 9592 --- [SpringBootRestAPIMySQL] [restartedMain] j.LocalContainerEntityManagerFactoryBean : Initialized JPA EntityManagerFactory for persistence unit 'default'
2026-02-27T14:50:54.311+05:30  WARN 9592 --- [SpringBootRestAPIMySQL] [restartedMain] JpaBaseConfiguration$JpaWebConfiguration : spring.jpa.open-in-view is enabled by default. Therefore, database queries may be performed during view rendering. Explicitly configure spring.jpa.open-in-view to disable this warning
2026-02-27T14:50:54.486+05:30  INFO 9592 --- [SpringBootRestAPIMySQL] [restartedMain] o.s.b.a.e.web.EndpointLinksResolver      : Exposing 13 endpoints beneath base path '/actuator'
2026-02-27T14:50:54.520+05:30  INFO 9592 --- [SpringBootRestAPIMySQL] [restartedMain] o.s.boot.tomcat.TomcatWebServer          : Tomcat started on port 7799 (http) with context path '/'
2026-02-27T14:50:54.524+05:30  INFO 9592 --- [SpringBootRestAPIMySQL] [restartedMain] c.t.SpringBootRestApiMySqlApplication    : Started SpringBootRestApiMySqlApplication in 1.246 seconds (process running for 194.801)
2026-02-27T14:50:54.526+05:30  WARN 9592 --- [SpringBootRestAPIMySQL] [restartedMain] o.s.core.events.SpringDocAppInitializer  : SpringDoc /v3/api-docs endpoint is enabled by default. To disable it in production, set the property 'springdoc.api-docs.enabled=false'
2026-02-27T14:50:54.527+05:30  WARN 9592 --- [SpringBootRestAPIMySQL] [restartedMain] o.s.core.events.SpringDocAppInitializer  : SpringDoc /swagger-ui.html endpoint is enabled by default. To disable it in production, set the property 'springdoc.swagger-ui.enabled=false'
2026-02-27T14:50:54.529+05:30  INFO 9592 --- [SpringBootRestAPIMySQL] [restartedMain] .ConditionEvaluationDeltaLoggingListener : Condition evaluation unchanged
2026-02-27T14:51:42.049+05:30  INFO 9592 --- [SpringBootRestAPIMySQL] [http-nio-7799-exec-1] o.a.c.c.C.[Tomcat].[localhost].[/]       : Initializing Spring DispatcherServlet 'dispatcherServlet'
2026-02-27T14:51:42.050+05:30  INFO 9592 --- [SpringBootRestAPIMySQL] [http-nio-7799-exec-1] o.s.web.servlet.DispatcherServlet        : Initializing Servlet 'dispatcherServlet'
2026-02-27T14:51:42.055+05:30  INFO 9592 --- [SpringBootRestAPIMySQL] [http-nio-7799-exec-1] o.s.web.servlet.DispatcherServlet        : Completed initialization in 5 ms
2026-02-27T14:52:00.777+05:30  INFO 9592 --- [SpringBootRestAPIMySQL] [http-nio-7799-exec-10] o.springdoc.api.AbstractOpenApiResource  : Init duration for springdoc-openapi is: 199 ms
2026-02-27T14:52:07.240+05:30  INFO 9592 --- [SpringBootRestAPIMySQL] [RMI TCP Connection(11)-127.0.0.1] inMXBeanRegistrar$SpringApplicationAdmin : Application shutdown requested.
2026-02-27T14:52:07.242+05:30  INFO 9592 --- [SpringBootRestAPIMySQL] [RMI TCP Connection(11)-127.0.0.1] o.s.boot.tomcat.GracefulShutdown         : Commencing graceful shutdown. Waiting for active requests to complete
2026-02-27T14:52:07.246+05:30  INFO 9592 --- [SpringBootRestAPIMySQL] [tomcat-shutdown] o.s.boot.tomcat.GracefulShutdown         : Graceful shutdown complete
2026-02-27T14:52:07.253+05:30  INFO 9592 --- [SpringBootRestAPIMySQL] [RMI TCP Connection(11)-127.0.0.1] j.LocalContainerEntityManagerFactoryBean : Closing JPA EntityManagerFactory for persistence unit 'default'
2026-02-27T14:52:07.254+05:30  INFO 9592 --- [SpringBootRestAPIMySQL] [RMI TCP Connection(11)-127.0.0.1] com.zaxxer.hikari.HikariDataSource       : HikariPool-2 - Shutdown initiated...
2026-02-27T14:52:07.260+05:30  INFO 9592 --- [SpringBootRestAPIMySQL] [RMI TCP Connection(11)-127.0.0.1] com.zaxxer.hikari.HikariDataSource       : HikariPool-2 - Shutdown completed.
2026-02-27T15:38:07.153+05:30  INFO 11620 --- [SpringBootRestAPIMySQL] [restartedMain] c.t.SpringBootRestApiMySqlApplication    : Starting SpringBootRestApiMySqlApplication using Java 25.0.1 with PID 11620 (C:\Users\sammya.shetty\Desktop\MLA_JAVA\SpringBootRestAPIMySQL\target\classes started by sammya.shetty in C:\Users\sammya.shetty\Desktop\MLA_JAVA\SpringBootRestAPIMySQL)
2026-02-27T15:38:07.156+05:30  INFO 11620 --- [SpringBootRestAPIMySQL] [restartedMain] c.t.SpringBootRestApiMySqlApplication    : No active profile set, falling back to 1 default profile: "default"
2026-02-27T15:38:07.211+05:30  INFO 11620 --- [SpringBootRestAPIMySQL] [restartedMain] .e.DevToolsPropertyDefaultsPostProcessor : Devtools property defaults active! Set 'spring.devtools.add-properties' to 'false' to disable
2026-02-27T15:38:07.212+05:30  INFO 11620 --- [SpringBootRestAPIMySQL] [restartedMain] .e.DevToolsPropertyDefaultsPostProcessor : For additional web related logging consider setting the 'logging.level.web' property to 'DEBUG'
2026-02-27T15:38:08.368+05:30  INFO 11620 --- [SpringBootRestAPIMySQL] [restartedMain] .s.d.r.c.RepositoryConfigurationDelegate : Bootstrapping Spring Data JPA repositories in DEFAULT mode.
2026-02-27T15:38:08.432+05:30  INFO 11620 --- [SpringBootRestAPIMySQL] [restartedMain] .s.d.r.c.RepositoryConfigurationDelegate : Finished Spring Data repository scanning in 52 ms. Found 1 JPA repository interface.
2026-02-27T15:38:09.103+05:30  INFO 11620 --- [SpringBootRestAPIMySQL] [restartedMain] o.s.boot.tomcat.TomcatWebServer          : Tomcat initialized with port 7799 (http)
2026-02-27T15:38:09.149+05:30  INFO 11620 --- [SpringBootRestAPIMySQL] [restartedMain] o.apache.catalina.core.StandardService   : Starting service [Tomcat]
2026-02-27T15:38:09.149+05:30  INFO 11620 --- [SpringBootRestAPIMySQL] [restartedMain] o.apache.catalina.core.StandardEngine    : Starting Servlet engine: [Apache Tomcat/11.0.18]
2026-02-27T15:38:09.246+05:30  INFO 11620 --- [SpringBootRestAPIMySQL] [restartedMain] b.w.c.s.WebApplicationContextInitializer : Root WebApplicationContext: initialization completed in 2034 ms
2026-02-27T15:38:09.646+05:30  INFO 11620 --- [SpringBootRestAPIMySQL] [restartedMain] org.hibernate.orm.jpa                    : HHH008540: Processing PersistenceUnitInfo [name: default]
2026-02-27T15:38:09.724+05:30  INFO 11620 --- [SpringBootRestAPIMySQL] [restartedMain] org.hibernate.orm.core                   : HHH000001: Hibernate ORM core version 7.2.4.Final
2026-02-27T15:38:10.315+05:30  INFO 11620 --- [SpringBootRestAPIMySQL] [restartedMain] o.s.o.j.p.SpringPersistenceUnitInfo      : No LoadTimeWeaver setup: ignoring JPA class transformer
2026-02-27T15:38:10.365+05:30  INFO 11620 --- [SpringBootRestAPIMySQL] [restartedMain] com.zaxxer.hikari.HikariDataSource       : HikariPool-1 - Starting...
2026-02-27T15:38:10.831+05:30  INFO 11620 --- [SpringBootRestAPIMySQL] [restartedMain] com.zaxxer.hikari.pool.HikariPool        : HikariPool-1 - Added connection com.mysql.cj.jdbc.ConnectionImpl@aace480
2026-02-27T15:38:10.834+05:30  INFO 11620 --- [SpringBootRestAPIMySQL] [restartedMain] com.zaxxer.hikari.HikariDataSource       : HikariPool-1 - Start completed.
2026-02-27T15:38:10.899+05:30  WARN 11620 --- [SpringBootRestAPIMySQL] [restartedMain] org.hibernate.orm.deprecation            : HHH90000025: MySQLDialect does not need to be specified explicitly using 'hibernate.dialect' (remove the property setting and it will be selected by default)
2026-02-27T15:38:10.923+05:30  INFO 11620 --- [SpringBootRestAPIMySQL] [restartedMain] org.hibernate.orm.connections.pooling    : HHH10001005: Database info:
	Database JDBC URL [jdbc:mysql://localhost:3306/mlafeb]
	Database driver: MySQL Connector/J
	Database dialect: MySQLDialect
	Database version: 8.0.42
	Default catalog/schema: mlafeb/undefined
	Autocommit mode: undefined/unknown
	Isolation level: REPEATABLE_READ [default REPEATABLE_READ]
	JDBC fetch size: none
	Pool: DataSourceConnectionProvider
	Minimum pool size: undefined/unknown
	Maximum pool size: undefined/unknown
2026-02-27T15:38:11.974+05:30  INFO 11620 --- [SpringBootRestAPIMySQL] [restartedMain] org.hibernate.orm.core                   : HHH000489: No JTA platform available (set 'hibernate.transaction.jta.platform' to enable JTA platform integration)
2026-02-27T15:38:12.375+05:30  INFO 11620 --- [SpringBootRestAPIMySQL] [restartedMain] j.LocalContainerEntityManagerFactoryBean : Initialized JPA EntityManagerFactory for persistence unit 'default'
2026-02-27T15:38:12.470+05:30  INFO 11620 --- [SpringBootRestAPIMySQL] [restartedMain] o.s.d.j.r.query.QueryEnhancerFactories   : Hibernate is in classpath; If applicable, HQL parser will be used.
2026-02-27T15:38:12.705+05:30  WARN 11620 --- [SpringBootRestAPIMySQL] [restartedMain] JpaBaseConfiguration$JpaWebConfiguration : spring.jpa.open-in-view is enabled by default. Therefore, database queries may be performed during view rendering. Explicitly configure spring.jpa.open-in-view to disable this warning
2026-02-27T15:38:13.335+05:30  INFO 11620 --- [SpringBootRestAPIMySQL] [restartedMain] o.s.b.a.e.web.EndpointLinksResolver      : Exposing 13 endpoints beneath base path '/actuator'
2026-02-27T15:38:13.444+05:30  INFO 11620 --- [SpringBootRestAPIMySQL] [restartedMain] o.s.boot.tomcat.TomcatWebServer          : Tomcat started on port 7799 (http) with context path '/'
2026-02-27T15:38:13.455+05:30  INFO 11620 --- [SpringBootRestAPIMySQL] [restartedMain] c.t.SpringBootRestApiMySqlApplication    : Started SpringBootRestApiMySqlApplication in 6.749 seconds (process running for 7.801)
2026-02-27T15:38:13.462+05:30  WARN 11620 --- [SpringBootRestAPIMySQL] [restartedMain] o.s.core.events.SpringDocAppInitializer  : SpringDoc /v3/api-docs endpoint is enabled by default. To disable it in production, set the property 'springdoc.api-docs.enabled=false'
2026-02-27T15:38:13.462+05:30  WARN 11620 --- [SpringBootRestAPIMySQL] [restartedMain] o.s.core.events.SpringDocAppInitializer  : SpringDoc /swagger-ui.html endpoint is enabled by default. To disable it in production, set the property 'springdoc.swagger-ui.enabled=false'
2026-02-27T15:38:14.043+05:30  INFO 11620 --- [SpringBootRestAPIMySQL] [RMI TCP Connection(4)-127.0.0.1] o.a.c.c.C.[Tomcat].[localhost].[/]       : Initializing Spring DispatcherServlet 'dispatcherServlet'
2026-02-27T15:38:14.044+05:30  INFO 11620 --- [SpringBootRestAPIMySQL] [RMI TCP Connection(4)-127.0.0.1] o.s.web.servlet.DispatcherServlet        : Initializing Servlet 'dispatcherServlet'
2026-02-27T15:38:14.046+05:30  INFO 11620 --- [SpringBootRestAPIMySQL] [RMI TCP Connection(4)-127.0.0.1] o.s.web.servlet.DispatcherServlet        : Completed initialization in 1 ms
2026-02-27T15:38:37.347+05:30  INFO 11620 --- [SpringBootRestAPIMySQL] [http-nio-7799-exec-8] o.springdoc.api.AbstractOpenApiResource  : Init duration for springdoc-openapi is: 357 ms
2026-02-27T15:41:32.153+05:30  INFO 11620 --- [SpringBootRestAPIMySQL] [File Watcher] rtingClassPathChangeChangedEventListener : Restarting due to 1 class path change (0 additions, 0 deletions, 1 modification)
2026-02-27T15:41:32.163+05:30  INFO 11620 --- [SpringBootRestAPIMySQL] [Thread-1] o.s.boot.tomcat.GracefulShutdown         : Commencing graceful shutdown. Waiting for active requests to complete
2026-02-27T15:41:32.172+05:30  INFO 11620 --- [SpringBootRestAPIMySQL] [tomcat-shutdown] o.s.boot.tomcat.GracefulShutdown         : Graceful shutdown complete
2026-02-27T15:41:32.189+05:30  INFO 11620 --- [SpringBootRestAPIMySQL] [Thread-1] j.LocalContainerEntityManagerFactoryBean : Closing JPA EntityManagerFactory for persistence unit 'default'
2026-02-27T15:41:32.193+05:30  INFO 11620 --- [SpringBootRestAPIMySQL] [Thread-1] com.zaxxer.hikari.HikariDataSource       : HikariPool-1 - Shutdown initiated...
2026-02-27T15:41:32.201+05:30  INFO 11620 --- [SpringBootRestAPIMySQL] [Thread-1] com.zaxxer.hikari.HikariDataSource       : HikariPool-1 - Shutdown completed.
2026-02-27T15:41:32.310+05:30  INFO 11620 --- [SpringBootRestAPIMySQL] [restartedMain] c.t.SpringBootRestApiMySqlApplication    : Starting SpringBootRestApiMySqlApplication using Java 25.0.1 with PID 11620 (C:\Users\sammya.shetty\Desktop\MLA_JAVA\SpringBootRestAPIMySQL\target\classes started by sammya.shetty in C:\Users\sammya.shetty\Desktop\MLA_JAVA\SpringBootRestAPIMySQL)
2026-02-27T15:41:32.310+05:30  INFO 11620 --- [SpringBootRestAPIMySQL] [restartedMain] c.t.SpringBootRestApiMySqlApplication    : No active profile set, falling back to 1 default profile: "default"
2026-02-27T15:41:32.620+05:30  INFO 11620 --- [SpringBootRestAPIMySQL] [restartedMain] .s.d.r.c.RepositoryConfigurationDelegate : Bootstrapping Spring Data JPA repositories in DEFAULT mode.
2026-02-27T15:41:32.644+05:30  INFO 11620 --- [SpringBootRestAPIMySQL] [restartedMain] .s.d.r.c.RepositoryConfigurationDelegate : Finished Spring Data repository scanning in 22 ms. Found 1 JPA repository interface.
2026-02-27T15:41:32.775+05:30  INFO 11620 --- [SpringBootRestAPIMySQL] [restartedMain] o.s.boot.tomcat.TomcatWebServer          : Tomcat initialized with port 7799 (http)
2026-02-27T15:41:32.778+05:30  INFO 11620 --- [SpringBootRestAPIMySQL] [restartedMain] o.apache.catalina.core.StandardService   : Starting service [Tomcat]
2026-02-27T15:41:32.778+05:30  INFO 11620 --- [SpringBootRestAPIMySQL] [restartedMain] o.apache.catalina.core.StandardEngine    : Starting Servlet engine: [Apache Tomcat/11.0.18]
2026-02-27T15:41:32.822+05:30  INFO 11620 --- [SpringBootRestAPIMySQL] [restartedMain] b.w.c.s.WebApplicationContextInitializer : Root WebApplicationContext: initialization completed in 508 ms
2026-02-27T15:41:32.891+05:30  INFO 11620 --- [SpringBootRestAPIMySQL] [restartedMain] org.hibernate.orm.jpa                    : HHH008540: Processing PersistenceUnitInfo [name: default]
2026-02-27T15:41:32.932+05:30  INFO 11620 --- [SpringBootRestAPIMySQL] [restartedMain] o.s.o.j.p.SpringPersistenceUnitInfo      : No LoadTimeWeaver setup: ignoring JPA class transformer
2026-02-27T15:41:32.934+05:30  INFO 11620 --- [SpringBootRestAPIMySQL] [restartedMain] com.zaxxer.hikari.HikariDataSource       : HikariPool-2 - Starting...
2026-02-27T15:41:32.961+05:30  INFO 11620 --- [SpringBootRestAPIMySQL] [restartedMain] com.zaxxer.hikari.pool.HikariPool        : HikariPool-2 - Added connection com.mysql.cj.jdbc.ConnectionImpl@1678897c
2026-02-27T15:41:32.961+05:30  INFO 11620 --- [SpringBootRestAPIMySQL] [restartedMain] com.zaxxer.hikari.HikariDataSource       : HikariPool-2 - Start completed.
2026-02-27T15:41:32.963+05:30  WARN 11620 --- [SpringBootRestAPIMySQL] [restartedMain] org.hibernate.orm.deprecation            : HHH90000025: MySQLDialect does not need to be specified explicitly using 'hibernate.dialect' (remove the property setting and it will be selected by default)
2026-02-27T15:41:32.965+05:30  INFO 11620 --- [SpringBootRestAPIMySQL] [restartedMain] org.hibernate.orm.connections.pooling    : HHH10001005: Database info:
	Database JDBC URL [jdbc:mysql://localhost:3306/mlafeb]
	Database driver: MySQL Connector/J
	Database dialect: MySQLDialect
	Database version: 8.0.42
	Default catalog/schema: mlafeb/undefined
	Autocommit mode: undefined/unknown
	Isolation level: REPEATABLE_READ [default REPEATABLE_READ]
	JDBC fetch size: none
	Pool: DataSourceConnectionProvider
	Minimum pool size: undefined/unknown
	Maximum pool size: undefined/unknown
2026-02-27T15:41:33.030+05:30  INFO 11620 --- [SpringBootRestAPIMySQL] [restartedMain] org.hibernate.orm.core                   : HHH000489: No JTA platform available (set 'hibernate.transaction.jta.platform' to enable JTA platform integration)
2026-02-27T15:41:33.054+05:30  INFO 11620 --- [SpringBootRestAPIMySQL] [restartedMain] j.LocalContainerEntityManagerFactoryBean : Initialized JPA EntityManagerFactory for persistence unit 'default'
2026-02-27T15:41:33.074+05:30  WARN 11620 --- [SpringBootRestAPIMySQL] [restartedMain] ConfigServletWebServerApplicationContext : Exception encountered during context initialization - cancelling refresh attempt: org.springframework.beans.factory.BeanCreationException: Error creating bean with name 'employeeController': Lookup method resolution failed
2026-02-27T15:41:33.074+05:30  INFO 11620 --- [SpringBootRestAPIMySQL] [restartedMain] j.LocalContainerEntityManagerFactoryBean : Closing JPA EntityManagerFactory for persistence unit 'default'
2026-02-27T15:41:33.075+05:30  INFO 11620 --- [SpringBootRestAPIMySQL] [restartedMain] com.zaxxer.hikari.HikariDataSource       : HikariPool-2 - Shutdown initiated...
2026-02-27T15:41:33.114+05:30  INFO 11620 --- [SpringBootRestAPIMySQL] [restartedMain] com.zaxxer.hikari.HikariDataSource       : HikariPool-2 - Shutdown completed.
2026-02-27T15:41:33.116+05:30  INFO 11620 --- [SpringBootRestAPIMySQL] [restartedMain] o.apache.catalina.core.StandardService   : Stopping service [Tomcat]
2026-02-27T15:41:33.127+05:30  INFO 11620 --- [SpringBootRestAPIMySQL] [restartedMain] .s.b.a.l.ConditionEvaluationReportLogger : 

Error starting ApplicationContext. To display the condition evaluation report re-run your application with 'debug' enabled.
2026-02-27T15:41:33.149+05:30 ERROR 11620 --- [SpringBootRestAPIMySQL] [restartedMain] o.s.boot.SpringApplication               : Application run failed

org.springframework.beans.factory.BeanCreationException: Error creating bean with name 'employeeController': Lookup method resolution failed
	at org.springframework.beans.factory.annotation.AutowiredAnnotationBeanPostProcessor.checkLookupMethods(AutowiredAnnotationBeanPostProcessor.java:482) ~[spring-beans-7.0.5.jar:7.0.5]
	at org.springframework.beans.factory.annotation.AutowiredAnnotationBeanPostProcessor.determineCandidateConstructors(AutowiredAnnotationBeanPostProcessor.java:352) ~[spring-beans-7.0.5.jar:7.0.5]
	at org.springframework.beans.factory.support.AbstractAutowireCapableBeanFactory.determineConstructorsFromBeanPostProcessors(AbstractAutowireCapableBeanFactory.java:1321) ~[spring-beans-7.0.5.jar:7.0.5]
	at org.springframework.beans.factory.support.AbstractAutowireCapableBeanFactory.createBeanInstance(AbstractAutowireCapableBeanFactory.java:1218) ~[spring-beans-7.0.5.jar:7.0.5]
	at org.springframework.beans.factory.support.AbstractAutowireCapableBeanFactory.doCreateBean(AbstractAutowireCapableBeanFactory.java:565) ~[spring-beans-7.0.5.jar:7.0.5]
	at org.springframework.beans.factory.support.AbstractAutowireCapableBeanFactory.createBean(AbstractAutowireCapableBeanFactory.java:525) ~[spring-beans-7.0.5.jar:7.0.5]
	at org.springframework.beans.factory.support.AbstractBeanFactory.lambda$doGetBean$0(AbstractBeanFactory.java:333) ~[spring-beans-7.0.5.jar:7.0.5]
	at org.springframework.beans.factory.support.DefaultSingletonBeanRegistry.getSingleton(DefaultSingletonBeanRegistry.java:371) ~[spring-beans-7.0.5.jar:7.0.5]
	at org.springframework.beans.factory.support.AbstractBeanFactory.doGetBean(AbstractBeanFactory.java:331) ~[spring-beans-7.0.5.jar:7.0.5]
	at org.springframework.beans.factory.support.AbstractBeanFactory.getBean(AbstractBeanFactory.java:196) ~[spring-beans-7.0.5.jar:7.0.5]
	at org.springframework.beans.factory.support.DefaultListableBeanFactory.instantiateSingleton(DefaultListableBeanFactory.java:1218) ~[spring-beans-7.0.5.jar:7.0.5]
	at org.springframework.beans.factory.support.DefaultListableBeanFactory.preInstantiateSingleton(DefaultListableBeanFactory.java:1184) ~[spring-beans-7.0.5.jar:7.0.5]
	at org.springframework.beans.factory.support.DefaultListableBeanFactory.preInstantiateSingletons(DefaultListableBeanFactory.java:1121) ~[spring-beans-7.0.5.jar:7.0.5]
	at org.springframework.context.support.AbstractApplicationContext.finishBeanFactoryInitialization(AbstractApplicationContext.java:994) ~[spring-context-7.0.5.jar:7.0.5]
	at org.springframework.context.support.AbstractApplicationContext.refresh(AbstractApplicationContext.java:621) ~[spring-context-7.0.5.jar:7.0.5]
	at org.springframework.boot.web.server.servlet.context.ServletWebServerApplicationContext.refresh(ServletWebServerApplicationContext.java:143) ~[spring-boot-web-server-4.0.3.jar:4.0.3]
	at org.springframework.boot.SpringApplication.refresh(SpringApplication.java:756) ~[spring-boot-4.0.3.jar:4.0.3]
	at org.springframework.boot.SpringApplication.refreshContext(SpringApplication.java:445) ~[spring-boot-4.0.3.jar:4.0.3]
	at org.springframework.boot.SpringApplication.run(SpringApplication.java:321) ~[spring-boot-4.0.3.jar:4.0.3]
	at org.springframework.boot.SpringApplication.run(SpringApplication.java:1365) ~[spring-boot-4.0.3.jar:4.0.3]
	at org.springframework.boot.SpringApplication.run(SpringApplication.java:1354) ~[spring-boot-4.0.3.jar:4.0.3]
	at com.test.SpringBootRestApiMySqlApplication.main(SpringBootRestApiMySqlApplication.java:10) ~[classes/:na]
	at java.base/jdk.internal.reflect.DirectMethodHandleAccessor.invoke(DirectMethodHandleAccessor.java:104) ~[na:na]
	at java.base/java.lang.reflect.Method.invoke(Method.java:565) ~[na:na]
	at org.springframework.boot.devtools.restart.RestartLauncher.run(RestartLauncher.java:52) ~[spring-boot-devtools-4.0.3.jar:4.0.3]
Caused by: java.lang.IllegalStateException: Failed to introspect Class [com.test.controller.EmployeeController] from ClassLoader [org.springframework.boot.devtools.restart.classloader.RestartClassLoader@578cecb4]
	at org.springframework.util.ReflectionUtils.getDeclaredMethods(ReflectionUtils.java:483) ~[spring-core-7.0.5.jar:7.0.5]
	at org.springframework.util.ReflectionUtils.doWithLocalMethods(ReflectionUtils.java:320) ~[spring-core-7.0.5.jar:7.0.5]
	at org.springframework.beans.factory.annotation.AutowiredAnnotationBeanPostProcessor.checkLookupMethods(AutowiredAnnotationBeanPostProcessor.java:460) ~[spring-beans-7.0.5.jar:7.0.5]
	... 24 common frames omitted
Caused by: java.lang.NoClassDefFoundError: Book
	at java.base/java.lang.Class.getDeclaredMethods0(Native Method) ~[na:na]
	at java.base/java.lang.Class.privateGetDeclaredMethods(Class.java:3010) ~[na:na]
	at java.base/java.lang.Class.getDeclaredMethods(Class.java:2329) ~[na:na]
	at org.springframework.util.ReflectionUtils.getDeclaredMethods(ReflectionUtils.java:465) ~[spring-core-7.0.5.jar:7.0.5]
	... 26 common frames omitted
Caused by: java.lang.ClassNotFoundException: Book
	at java.base/jdk.internal.loader.BuiltinClassLoader.loadClass(BuiltinClassLoader.java:580) ~[na:na]
	at java.base/java.lang.ClassLoader.loadClass(ClassLoader.java:490) ~[na:na]
	at java.base/java.lang.Class.forName0(Native Method) ~[na:na]
	at java.base/java.lang.Class.forName(Class.java:547) ~[na:na]
	at org.springframework.boot.devtools.restart.classloader.RestartClassLoader.loadClass(RestartClassLoader.java:123) ~[spring-boot-devtools-4.0.3.jar:4.0.3]
	at java.base/java.lang.ClassLoader.loadClass(ClassLoader.java:490) ~[na:na]
	... 30 common frames omitted

2026-02-27T15:44:15.400+05:30  INFO 31340 --- [SpringBootRestAPIMySQL] [restartedMain] c.t.SpringBootRestApiMySqlApplication    : Starting SpringBootRestApiMySqlApplication using Java 25.0.1 with PID 31340 (C:\Users\sammya.shetty\Desktop\MLA_JAVA\SpringBootRestAPIMySQL\target\classes started by sammya.shetty in C:\Users\sammya.shetty\Desktop\MLA_JAVA\SpringBootRestAPIMySQL)
2026-02-27T15:44:15.408+05:30  INFO 31340 --- [SpringBootRestAPIMySQL] [restartedMain] c.t.SpringBootRestApiMySqlApplication    : No active profile set, falling back to 1 default profile: "default"
2026-02-27T15:44:15.478+05:30  INFO 31340 --- [SpringBootRestAPIMySQL] [restartedMain] .e.DevToolsPropertyDefaultsPostProcessor : Devtools property defaults active! Set 'spring.devtools.add-properties' to 'false' to disable
2026-02-27T15:44:15.479+05:30  INFO 31340 --- [SpringBootRestAPIMySQL] [restartedMain] .e.DevToolsPropertyDefaultsPostProcessor : For additional web related logging consider setting the 'logging.level.web' property to 'DEBUG'
2026-02-27T15:44:16.892+05:30  INFO 31340 --- [SpringBootRestAPIMySQL] [restartedMain] .s.d.r.c.RepositoryConfigurationDelegate : Bootstrapping Spring Data JPA repositories in DEFAULT mode.
2026-02-27T15:44:16.958+05:30  INFO 31340 --- [SpringBootRestAPIMySQL] [restartedMain] .s.d.r.c.RepositoryConfigurationDelegate : Finished Spring Data repository scanning in 55 ms. Found 1 JPA repository interface.
2026-02-27T15:44:17.646+05:30  INFO 31340 --- [SpringBootRestAPIMySQL] [restartedMain] o.s.boot.tomcat.TomcatWebServer          : Tomcat initialized with port 7799 (http)
2026-02-27T15:44:17.664+05:30  INFO 31340 --- [SpringBootRestAPIMySQL] [restartedMain] o.apache.catalina.core.StandardService   : Starting service [Tomcat]
2026-02-27T15:44:17.664+05:30  INFO 31340 --- [SpringBootRestAPIMySQL] [restartedMain] o.apache.catalina.core.StandardEngine    : Starting Servlet engine: [Apache Tomcat/11.0.18]
2026-02-27T15:44:17.737+05:30  INFO 31340 --- [SpringBootRestAPIMySQL] [restartedMain] b.w.c.s.WebApplicationContextInitializer : Root WebApplicationContext: initialization completed in 2257 ms
2026-02-27T15:44:18.029+05:30  INFO 31340 --- [SpringBootRestAPIMySQL] [restartedMain] org.hibernate.orm.jpa                    : HHH008540: Processing PersistenceUnitInfo [name: default]
2026-02-27T15:44:18.136+05:30  INFO 31340 --- [SpringBootRestAPIMySQL] [restartedMain] org.hibernate.orm.core                   : HHH000001: Hibernate ORM core version 7.2.4.Final
2026-02-27T15:44:18.756+05:30  INFO 31340 --- [SpringBootRestAPIMySQL] [restartedMain] o.s.o.j.p.SpringPersistenceUnitInfo      : No LoadTimeWeaver setup: ignoring JPA class transformer
2026-02-27T15:44:18.805+05:30  INFO 31340 --- [SpringBootRestAPIMySQL] [restartedMain] com.zaxxer.hikari.HikariDataSource       : HikariPool-1 - Starting...
2026-02-27T15:44:19.224+05:30  INFO 31340 --- [SpringBootRestAPIMySQL] [restartedMain] com.zaxxer.hikari.pool.HikariPool        : HikariPool-1 - Added connection com.mysql.cj.jdbc.ConnectionImpl@260cc1bc
2026-02-27T15:44:19.226+05:30  INFO 31340 --- [SpringBootRestAPIMySQL] [restartedMain] com.zaxxer.hikari.HikariDataSource       : HikariPool-1 - Start completed.
2026-02-27T15:44:19.310+05:30  WARN 31340 --- [SpringBootRestAPIMySQL] [restartedMain] org.hibernate.orm.deprecation            : HHH90000025: MySQLDialect does not need to be specified explicitly using 'hibernate.dialect' (remove the property setting and it will be selected by default)
2026-02-27T15:44:19.342+05:30  INFO 31340 --- [SpringBootRestAPIMySQL] [restartedMain] org.hibernate.orm.connections.pooling    : HHH10001005: Database info:
	Database JDBC URL [jdbc:mysql://localhost:3306/mlafeb]
	Database driver: MySQL Connector/J
	Database dialect: MySQLDialect
	Database version: 8.0.42
	Default catalog/schema: mlafeb/undefined
	Autocommit mode: undefined/unknown
	Isolation level: REPEATABLE_READ [default REPEATABLE_READ]
	JDBC fetch size: none
	Pool: DataSourceConnectionProvider
	Minimum pool size: undefined/unknown
	Maximum pool size: undefined/unknown
2026-02-27T15:44:21.739+05:30  INFO 31340 --- [SpringBootRestAPIMySQL] [restartedMain] org.hibernate.orm.core                   : HHH000489: No JTA platform available (set 'hibernate.transaction.jta.platform' to enable JTA platform integration)
2026-02-27T15:44:21.855+05:30  INFO 31340 --- [SpringBootRestAPIMySQL] [restartedMain] j.LocalContainerEntityManagerFactoryBean : Initialized JPA EntityManagerFactory for persistence unit 'default'
2026-02-27T15:44:21.959+05:30  INFO 31340 --- [SpringBootRestAPIMySQL] [restartedMain] o.s.d.j.r.query.QueryEnhancerFactories   : Hibernate is in classpath; If applicable, HQL parser will be used.
2026-02-27T15:44:22.283+05:30  WARN 31340 --- [SpringBootRestAPIMySQL] [restartedMain] JpaBaseConfiguration$JpaWebConfiguration : spring.jpa.open-in-view is enabled by default. Therefore, database queries may be performed during view rendering. Explicitly configure spring.jpa.open-in-view to disable this warning
2026-02-27T15:44:22.936+05:30  INFO 31340 --- [SpringBootRestAPIMySQL] [restartedMain] o.s.b.a.e.web.EndpointLinksResolver      : Exposing 13 endpoints beneath base path '/actuator'
2026-02-27T15:44:23.037+05:30  INFO 31340 --- [SpringBootRestAPIMySQL] [restartedMain] o.s.boot.tomcat.TomcatWebServer          : Tomcat started on port 7799 (http) with context path '/'
2026-02-27T15:44:23.048+05:30  INFO 31340 --- [SpringBootRestAPIMySQL] [restartedMain] c.t.SpringBootRestApiMySqlApplication    : Started SpringBootRestApiMySqlApplication in 8.171 seconds (process running for 9.26)
2026-02-27T15:44:23.055+05:30  WARN 31340 --- [SpringBootRestAPIMySQL] [restartedMain] o.s.core.events.SpringDocAppInitializer  : SpringDoc /v3/api-docs endpoint is enabled by default. To disable it in production, set the property 'springdoc.api-docs.enabled=false'
2026-02-27T15:44:23.055+05:30  WARN 31340 --- [SpringBootRestAPIMySQL] [restartedMain] o.s.core.events.SpringDocAppInitializer  : SpringDoc /swagger-ui.html endpoint is enabled by default. To disable it in production, set the property 'springdoc.swagger-ui.enabled=false'
2026-02-27T15:44:23.708+05:30  INFO 31340 --- [SpringBootRestAPIMySQL] [RMI TCP Connection(4)-127.0.0.1] o.a.c.c.C.[Tomcat].[localhost].[/]       : Initializing Spring DispatcherServlet 'dispatcherServlet'
2026-02-27T15:44:23.709+05:30  INFO 31340 --- [SpringBootRestAPIMySQL] [RMI TCP Connection(4)-127.0.0.1] o.s.web.servlet.DispatcherServlet        : Initializing Servlet 'dispatcherServlet'
2026-02-27T15:44:23.711+05:30  INFO 31340 --- [SpringBootRestAPIMySQL] [RMI TCP Connection(4)-127.0.0.1] o.s.web.servlet.DispatcherServlet        : Completed initialization in 2 ms
2026-02-27T15:44:28.346+05:30  INFO 31340 --- [SpringBootRestAPIMySQL] [http-nio-7799-exec-3] o.springdoc.api.AbstractOpenApiResource  : Init duration for springdoc-openapi is: 386 ms
2026-02-27T15:44:56.052+05:30  INFO 31340 --- [SpringBootRestAPIMySQL] [File Watcher] rtingClassPathChangeChangedEventListener : Restarting due to 1 class path change (0 additions, 0 deletions, 1 modification)
2026-02-27T15:44:56.058+05:30  INFO 31340 --- [SpringBootRestAPIMySQL] [Thread-1] o.s.boot.tomcat.GracefulShutdown         : Commencing graceful shutdown. Waiting for active requests to complete
2026-02-27T15:44:56.062+05:30  INFO 31340 --- [SpringBootRestAPIMySQL] [tomcat-shutdown] o.s.boot.tomcat.GracefulShutdown         : Graceful shutdown complete
2026-02-27T15:44:56.068+05:30  INFO 31340 --- [SpringBootRestAPIMySQL] [Thread-1] j.LocalContainerEntityManagerFactoryBean : Closing JPA EntityManagerFactory for persistence unit 'default'
2026-02-27T15:44:56.072+05:30  INFO 31340 --- [SpringBootRestAPIMySQL] [Thread-1] com.zaxxer.hikari.HikariDataSource       : HikariPool-1 - Shutdown initiated...
2026-02-27T15:44:56.080+05:30  INFO 31340 --- [SpringBootRestAPIMySQL] [Thread-1] com.zaxxer.hikari.HikariDataSource       : HikariPool-1 - Shutdown completed.
2026-02-27T15:44:56.186+05:30  INFO 31340 --- [SpringBootRestAPIMySQL] [restartedMain] c.t.SpringBootRestApiMySqlApplication    : Starting SpringBootRestApiMySqlApplication using Java 25.0.1 with PID 31340 (C:\Users\sammya.shetty\Desktop\MLA_JAVA\SpringBootRestAPIMySQL\target\classes started by sammya.shetty in C:\Users\sammya.shetty\Desktop\MLA_JAVA\SpringBootRestAPIMySQL)
2026-02-27T15:44:56.187+05:30  INFO 31340 --- [SpringBootRestAPIMySQL] [restartedMain] c.t.SpringBootRestApiMySqlApplication    : No active profile set, falling back to 1 default profile: "default"
2026-02-27T15:44:56.534+05:30  INFO 31340 --- [SpringBootRestAPIMySQL] [restartedMain] .s.d.r.c.RepositoryConfigurationDelegate : Bootstrapping Spring Data JPA repositories in DEFAULT mode.
2026-02-27T15:44:56.551+05:30  INFO 31340 --- [SpringBootRestAPIMySQL] [restartedMain] .s.d.r.c.RepositoryConfigurationDelegate : Finished Spring Data repository scanning in 15 ms. Found 1 JPA repository interface.
2026-02-27T15:44:56.664+05:30  INFO 31340 --- [SpringBootRestAPIMySQL] [restartedMain] o.s.boot.tomcat.TomcatWebServer          : Tomcat initialized with port 7799 (http)
2026-02-27T15:44:56.664+05:30  INFO 31340 --- [SpringBootRestAPIMySQL] [restartedMain] o.apache.catalina.core.StandardService   : Starting service [Tomcat]
2026-02-27T15:44:56.665+05:30  INFO 31340 --- [SpringBootRestAPIMySQL] [restartedMain] o.apache.catalina.core.StandardEngine    : Starting Servlet engine: [Apache Tomcat/11.0.18]
2026-02-27T15:44:56.711+05:30  INFO 31340 --- [SpringBootRestAPIMySQL] [restartedMain] b.w.c.s.WebApplicationContextInitializer : Root WebApplicationContext: initialization completed in 522 ms
2026-02-27T15:44:56.786+05:30  INFO 31340 --- [SpringBootRestAPIMySQL] [restartedMain] org.hibernate.orm.jpa                    : HHH008540: Processing PersistenceUnitInfo [name: default]
2026-02-27T15:44:56.838+05:30  INFO 31340 --- [SpringBootRestAPIMySQL] [restartedMain] o.s.o.j.p.SpringPersistenceUnitInfo      : No LoadTimeWeaver setup: ignoring JPA class transformer
2026-02-27T15:44:56.841+05:30  INFO 31340 --- [SpringBootRestAPIMySQL] [restartedMain] com.zaxxer.hikari.HikariDataSource       : HikariPool-2 - Starting...
2026-02-27T15:44:56.884+05:30  INFO 31340 --- [SpringBootRestAPIMySQL] [restartedMain] com.zaxxer.hikari.pool.HikariPool        : HikariPool-2 - Added connection com.mysql.cj.jdbc.ConnectionImpl@2d2c86bb
2026-02-27T15:44:56.884+05:30  INFO 31340 --- [SpringBootRestAPIMySQL] [restartedMain] com.zaxxer.hikari.HikariDataSource       : HikariPool-2 - Start completed.
2026-02-27T15:44:56.886+05:30  WARN 31340 --- [SpringBootRestAPIMySQL] [restartedMain] org.hibernate.orm.deprecation            : HHH90000025: MySQLDialect does not need to be specified explicitly using 'hibernate.dialect' (remove the property setting and it will be selected by default)
2026-02-27T15:44:56.888+05:30  INFO 31340 --- [SpringBootRestAPIMySQL] [restartedMain] org.hibernate.orm.connections.pooling    : HHH10001005: Database info:
	Database JDBC URL [jdbc:mysql://localhost:3306/mlafeb]
	Database driver: MySQL Connector/J
	Database dialect: MySQLDialect
	Database version: 8.0.42
	Default catalog/schema: mlafeb/undefined
	Autocommit mode: undefined/unknown
	Isolation level: REPEATABLE_READ [default REPEATABLE_READ]
	JDBC fetch size: none
	Pool: DataSourceConnectionProvider
	Minimum pool size: undefined/unknown
	Maximum pool size: undefined/unknown
2026-02-27T15:44:56.950+05:30  INFO 31340 --- [SpringBootRestAPIMySQL] [restartedMain] org.hibernate.orm.core                   : HHH000489: No JTA platform available (set 'hibernate.transaction.jta.platform' to enable JTA platform integration)
2026-02-27T15:44:56.979+05:30  INFO 31340 --- [SpringBootRestAPIMySQL] [restartedMain] j.LocalContainerEntityManagerFactoryBean : Initialized JPA EntityManagerFactory for persistence unit 'default'
2026-02-27T15:44:57.101+05:30  WARN 31340 --- [SpringBootRestAPIMySQL] [restartedMain] JpaBaseConfiguration$JpaWebConfiguration : spring.jpa.open-in-view is enabled by default. Therefore, database queries may be performed during view rendering. Explicitly configure spring.jpa.open-in-view to disable this warning
2026-02-27T15:44:57.352+05:30  INFO 31340 --- [SpringBootRestAPIMySQL] [restartedMain] o.s.b.a.e.web.EndpointLinksResolver      : Exposing 13 endpoints beneath base path '/actuator'
2026-02-27T15:44:57.394+05:30  INFO 31340 --- [SpringBootRestAPIMySQL] [restartedMain] o.s.boot.tomcat.TomcatWebServer          : Tomcat started on port 7799 (http) with context path '/'
2026-02-27T15:44:57.398+05:30  INFO 31340 --- [SpringBootRestAPIMySQL] [restartedMain] c.t.SpringBootRestApiMySqlApplication    : Started SpringBootRestApiMySqlApplication in 1.244 seconds (process running for 43.61)
2026-02-27T15:44:57.400+05:30  WARN 31340 --- [SpringBootRestAPIMySQL] [restartedMain] o.s.core.events.SpringDocAppInitializer  : SpringDoc /v3/api-docs endpoint is enabled by default. To disable it in production, set the property 'springdoc.api-docs.enabled=false'
2026-02-27T15:44:57.400+05:30  WARN 31340 --- [SpringBootRestAPIMySQL] [restartedMain] o.s.core.events.SpringDocAppInitializer  : SpringDoc /swagger-ui.html endpoint is enabled by default. To disable it in production, set the property 'springdoc.swagger-ui.enabled=false'
2026-02-27T15:44:57.402+05:30  INFO 31340 --- [SpringBootRestAPIMySQL] [restartedMain] .ConditionEvaluationDeltaLoggingListener : Condition evaluation unchanged
2026-02-27T15:44:57.408+05:30  INFO 31340 --- [SpringBootRestAPIMySQL] [http-nio-7799-exec-1] o.a.c.c.C.[Tomcat].[localhost].[/]       : Initializing Spring DispatcherServlet 'dispatcherServlet'
2026-02-27T15:44:57.409+05:30  INFO 31340 --- [SpringBootRestAPIMySQL] [http-nio-7799-exec-1] o.s.web.servlet.DispatcherServlet        : Initializing Servlet 'dispatcherServlet'
2026-02-27T15:44:57.410+05:30  INFO 31340 --- [SpringBootRestAPIMySQL] [http-nio-7799-exec-1] o.s.web.servlet.DispatcherServlet        : Completed initialization in 1 ms
2026-02-27T15:44:57.599+05:30  INFO 31340 --- [SpringBootRestAPIMySQL] [http-nio-7799-exec-4] o.springdoc.api.AbstractOpenApiResource  : Init duration for springdoc-openapi is: 94 ms
2026-02-27T15:46:34.564+05:30  INFO 31340 --- [SpringBootRestAPIMySQL] [File Watcher] rtingClassPathChangeChangedEventListener : Restarting due to 1 class path change (0 additions, 0 deletions, 1 modification)
2026-02-27T15:46:34.566+05:30  INFO 31340 --- [SpringBootRestAPIMySQL] [Thread-5] o.s.boot.tomcat.GracefulShutdown         : Commencing graceful shutdown. Waiting for active requests to complete
2026-02-27T15:46:34.570+05:30  INFO 31340 --- [SpringBootRestAPIMySQL] [tomcat-shutdown] o.s.boot.tomcat.GracefulShutdown         : Graceful shutdown complete
2026-02-27T15:46:34.574+05:30  INFO 31340 --- [SpringBootRestAPIMySQL] [Thread-5] j.LocalContainerEntityManagerFactoryBean : Closing JPA EntityManagerFactory for persistence unit 'default'
2026-02-27T15:46:34.576+05:30  INFO 31340 --- [SpringBootRestAPIMySQL] [Thread-5] com.zaxxer.hikari.HikariDataSource       : HikariPool-2 - Shutdown initiated...
2026-02-27T15:46:34.583+05:30  INFO 31340 --- [SpringBootRestAPIMySQL] [Thread-5] com.zaxxer.hikari.HikariDataSource       : HikariPool-2 - Shutdown completed.
2026-02-27T15:46:34.683+05:30  INFO 31340 --- [SpringBootRestAPIMySQL] [restartedMain] c.t.SpringBootRestApiMySqlApplication    : Starting SpringBootRestApiMySqlApplication using Java 25.0.1 with PID 31340 (C:\Users\sammya.shetty\Desktop\MLA_JAVA\SpringBootRestAPIMySQL\target\classes started by sammya.shetty in C:\Users\sammya.shetty\Desktop\MLA_JAVA\SpringBootRestAPIMySQL)
2026-02-27T15:46:34.683+05:30  INFO 31340 --- [SpringBootRestAPIMySQL] [restartedMain] c.t.SpringBootRestApiMySqlApplication    : No active profile set, falling back to 1 default profile: "default"
2026-02-27T15:46:34.937+05:30  INFO 31340 --- [SpringBootRestAPIMySQL] [restartedMain] .s.d.r.c.RepositoryConfigurationDelegate : Bootstrapping Spring Data JPA repositories in DEFAULT mode.
2026-02-27T15:46:34.951+05:30  INFO 31340 --- [SpringBootRestAPIMySQL] [restartedMain] .s.d.r.c.RepositoryConfigurationDelegate : Finished Spring Data repository scanning in 11 ms. Found 1 JPA repository interface.
2026-02-27T15:46:35.061+05:30  INFO 31340 --- [SpringBootRestAPIMySQL] [restartedMain] o.s.boot.tomcat.TomcatWebServer          : Tomcat initialized with port 7799 (http)
2026-02-27T15:46:35.062+05:30  INFO 31340 --- [SpringBootRestAPIMySQL] [restartedMain] o.apache.catalina.core.StandardService   : Starting service [Tomcat]
2026-02-27T15:46:35.062+05:30  INFO 31340 --- [SpringBootRestAPIMySQL] [restartedMain] o.apache.catalina.core.StandardEngine    : Starting Servlet engine: [Apache Tomcat/11.0.18]
2026-02-27T15:46:35.099+05:30  INFO 31340 --- [SpringBootRestAPIMySQL] [restartedMain] b.w.c.s.WebApplicationContextInitializer : Root WebApplicationContext: initialization completed in 413 ms
2026-02-27T15:46:35.160+05:30  INFO 31340 --- [SpringBootRestAPIMySQL] [restartedMain] org.hibernate.orm.jpa                    : HHH008540: Processing PersistenceUnitInfo [name: default]
2026-02-27T15:46:35.192+05:30  INFO 31340 --- [SpringBootRestAPIMySQL] [restartedMain] o.s.o.j.p.SpringPersistenceUnitInfo      : No LoadTimeWeaver setup: ignoring JPA class transformer
2026-02-27T15:46:35.193+05:30  INFO 31340 --- [SpringBootRestAPIMySQL] [restartedMain] com.zaxxer.hikari.HikariDataSource       : HikariPool-3 - Starting...
2026-02-27T15:46:35.216+05:30  INFO 31340 --- [SpringBootRestAPIMySQL] [restartedMain] com.zaxxer.hikari.pool.HikariPool        : HikariPool-3 - Added connection com.mysql.cj.jdbc.ConnectionImpl@333492c0
2026-02-27T15:46:35.216+05:30  INFO 31340 --- [SpringBootRestAPIMySQL] [restartedMain] com.zaxxer.hikari.HikariDataSource       : HikariPool-3 - Start completed.
2026-02-27T15:46:35.218+05:30  WARN 31340 --- [SpringBootRestAPIMySQL] [restartedMain] org.hibernate.orm.deprecation            : HHH90000025: MySQLDialect does not need to be specified explicitly using 'hibernate.dialect' (remove the property setting and it will be selected by default)
2026-02-27T15:46:35.219+05:30  INFO 31340 --- [SpringBootRestAPIMySQL] [restartedMain] org.hibernate.orm.connections.pooling    : HHH10001005: Database info:
	Database JDBC URL [jdbc:mysql://localhost:3306/mlafeb]
	Database driver: MySQL Connector/J
	Database dialect: MySQLDialect
	Database version: 8.0.42
	Default catalog/schema: mlafeb/undefined
	Autocommit mode: undefined/unknown
	Isolation level: REPEATABLE_READ [default REPEATABLE_READ]
	JDBC fetch size: none
	Pool: DataSourceConnectionProvider
	Minimum pool size: undefined/unknown
	Maximum pool size: undefined/unknown
2026-02-27T15:46:35.263+05:30  INFO 31340 --- [SpringBootRestAPIMySQL] [restartedMain] org.hibernate.orm.core                   : HHH000489: No JTA platform available (set 'hibernate.transaction.jta.platform' to enable JTA platform integration)
2026-02-27T15:46:35.292+05:30  INFO 31340 --- [SpringBootRestAPIMySQL] [restartedMain] j.LocalContainerEntityManagerFactoryBean : Initialized JPA EntityManagerFactory for persistence unit 'default'
2026-02-27T15:46:35.310+05:30  WARN 31340 --- [SpringBootRestAPIMySQL] [restartedMain] ConfigServletWebServerApplicationContext : Exception encountered during context initialization - cancelling refresh attempt: org.springframework.beans.factory.BeanCreationException: Error creating bean with name 'employeeController': Lookup method resolution failed
2026-02-27T15:46:35.311+05:30  INFO 31340 --- [SpringBootRestAPIMySQL] [restartedMain] j.LocalContainerEntityManagerFactoryBean : Closing JPA EntityManagerFactory for persistence unit 'default'
2026-02-27T15:46:35.311+05:30  INFO 31340 --- [SpringBootRestAPIMySQL] [restartedMain] com.zaxxer.hikari.HikariDataSource       : HikariPool-3 - Shutdown initiated...
2026-02-27T15:46:35.313+05:30  INFO 31340 --- [SpringBootRestAPIMySQL] [restartedMain] com.zaxxer.hikari.HikariDataSource       : HikariPool-3 - Shutdown completed.
2026-02-27T15:46:35.314+05:30  INFO 31340 --- [SpringBootRestAPIMySQL] [restartedMain] o.apache.catalina.core.StandardService   : Stopping service [Tomcat]
2026-02-27T15:46:35.319+05:30  INFO 31340 --- [SpringBootRestAPIMySQL] [restartedMain] .s.b.a.l.ConditionEvaluationReportLogger : 

Error starting ApplicationContext. To display the condition evaluation report re-run your application with 'debug' enabled.
2026-02-27T15:46:35.335+05:30 ERROR 31340 --- [SpringBootRestAPIMySQL] [restartedMain] o.s.boot.SpringApplication               : Application run failed

org.springframework.beans.factory.BeanCreationException: Error creating bean with name 'employeeController': Lookup method resolution failed
	at org.springframework.beans.factory.annotation.AutowiredAnnotationBeanPostProcessor.checkLookupMethods(AutowiredAnnotationBeanPostProcessor.java:482) ~[spring-beans-7.0.5.jar:7.0.5]
	at org.springframework.beans.factory.annotation.AutowiredAnnotationBeanPostProcessor.determineCandidateConstructors(AutowiredAnnotationBeanPostProcessor.java:352) ~[spring-beans-7.0.5.jar:7.0.5]
	at org.springframework.beans.factory.support.AbstractAutowireCapableBeanFactory.determineConstructorsFromBeanPostProcessors(AbstractAutowireCapableBeanFactory.java:1321) ~[spring-beans-7.0.5.jar:7.0.5]
	at org.springframework.beans.factory.support.AbstractAutowireCapableBeanFactory.createBeanInstance(AbstractAutowireCapableBeanFactory.java:1218) ~[spring-beans-7.0.5.jar:7.0.5]
	at org.springframework.beans.factory.support.AbstractAutowireCapableBeanFactory.doCreateBean(AbstractAutowireCapableBeanFactory.java:565) ~[spring-beans-7.0.5.jar:7.0.5]
	at org.springframework.beans.factory.support.AbstractAutowireCapableBeanFactory.createBean(AbstractAutowireCapableBeanFactory.java:525) ~[spring-beans-7.0.5.jar:7.0.5]
	at org.springframework.beans.factory.support.AbstractBeanFactory.lambda$doGetBean$0(AbstractBeanFactory.java:333) ~[spring-beans-7.0.5.jar:7.0.5]
	at org.springframework.beans.factory.support.DefaultSingletonBeanRegistry.getSingleton(DefaultSingletonBeanRegistry.java:371) ~[spring-beans-7.0.5.jar:7.0.5]
	at org.springframework.beans.factory.support.AbstractBeanFactory.doGetBean(AbstractBeanFactory.java:331) ~[spring-beans-7.0.5.jar:7.0.5]
	at org.springframework.beans.factory.support.AbstractBeanFactory.getBean(AbstractBeanFactory.java:196) ~[spring-beans-7.0.5.jar:7.0.5]
	at org.springframework.beans.factory.support.DefaultListableBeanFactory.instantiateSingleton(DefaultListableBeanFactory.java:1218) ~[spring-beans-7.0.5.jar:7.0.5]
	at org.springframework.beans.factory.support.DefaultListableBeanFactory.preInstantiateSingleton(DefaultListableBeanFactory.java:1184) ~[spring-beans-7.0.5.jar:7.0.5]
	at org.springframework.beans.factory.support.DefaultListableBeanFactory.preInstantiateSingletons(DefaultListableBeanFactory.java:1121) ~[spring-beans-7.0.5.jar:7.0.5]
	at org.springframework.context.support.AbstractApplicationContext.finishBeanFactoryInitialization(AbstractApplicationContext.java:994) ~[spring-context-7.0.5.jar:7.0.5]
	at org.springframework.context.support.AbstractApplicationContext.refresh(AbstractApplicationContext.java:621) ~[spring-context-7.0.5.jar:7.0.5]
	at org.springframework.boot.web.server.servlet.context.ServletWebServerApplicationContext.refresh(ServletWebServerApplicationContext.java:143) ~[spring-boot-web-server-4.0.3.jar:4.0.3]
	at org.springframework.boot.SpringApplication.refresh(SpringApplication.java:756) ~[spring-boot-4.0.3.jar:4.0.3]
	at org.springframework.boot.SpringApplication.refreshContext(SpringApplication.java:445) ~[spring-boot-4.0.3.jar:4.0.3]
	at org.springframework.boot.SpringApplication.run(SpringApplication.java:321) ~[spring-boot-4.0.3.jar:4.0.3]
	at org.springframework.boot.SpringApplication.run(SpringApplication.java:1365) ~[spring-boot-4.0.3.jar:4.0.3]
	at org.springframework.boot.SpringApplication.run(SpringApplication.java:1354) ~[spring-boot-4.0.3.jar:4.0.3]
	at com.test.SpringBootRestApiMySqlApplication.main(SpringBootRestApiMySqlApplication.java:10) ~[classes/:na]
	at java.base/jdk.internal.reflect.DirectMethodHandleAccessor.invoke(DirectMethodHandleAccessor.java:104) ~[na:na]
	at java.base/java.lang.reflect.Method.invoke(Method.java:565) ~[na:na]
	at org.springframework.boot.devtools.restart.RestartLauncher.run(RestartLauncher.java:52) ~[spring-boot-devtools-4.0.3.jar:4.0.3]
Caused by: java.lang.IllegalStateException: Failed to introspect Class [com.test.controller.EmployeeController] from ClassLoader [org.springframework.boot.devtools.restart.classloader.RestartClassLoader@62ad1fc5]
	at org.springframework.util.ReflectionUtils.getDeclaredMethods(ReflectionUtils.java:483) ~[spring-core-7.0.5.jar:7.0.5]
	at org.springframework.util.ReflectionUtils.doWithLocalMethods(ReflectionUtils.java:320) ~[spring-core-7.0.5.jar:7.0.5]
	at org.springframework.beans.factory.annotation.AutowiredAnnotationBeanPostProcessor.checkLookupMethods(AutowiredAnnotationBeanPostProcessor.java:460) ~[spring-beans-7.0.5.jar:7.0.5]
	... 24 common frames omitted
Caused by: java.lang.NoClassDefFoundError: Book
	at java.base/java.lang.Class.getDeclaredMethods0(Native Method) ~[na:na]
	at java.base/java.lang.Class.privateGetDeclaredMethods(Class.java:3010) ~[na:na]
	at java.base/java.lang.Class.getDeclaredMethods(Class.java:2329) ~[na:na]
	at org.springframework.util.ReflectionUtils.getDeclaredMethods(ReflectionUtils.java:465) ~[spring-core-7.0.5.jar:7.0.5]
	... 26 common frames omitted
Caused by: java.lang.ClassNotFoundException: Book
	at java.base/jdk.internal.loader.BuiltinClassLoader.loadClass(BuiltinClassLoader.java:580) ~[na:na]
	at java.base/java.lang.ClassLoader.loadClass(ClassLoader.java:490) ~[na:na]
	at java.base/java.lang.Class.forName0(Native Method) ~[na:na]
	at java.base/java.lang.Class.forName(Class.java:547) ~[na:na]
	at org.springframework.boot.devtools.restart.classloader.RestartClassLoader.loadClass(RestartClassLoader.java:123) ~[spring-boot-devtools-4.0.3.jar:4.0.3]
	at java.base/java.lang.ClassLoader.loadClass(ClassLoader.java:490) ~[na:na]
	... 30 common frames omitted

